{
  "stats": {
    "suites": 1,
    "tests": 1,
    "passes": 0,
    "pending": 0,
    "failures": 1,
    "start": "2020-10-13T10:24:59.475Z",
    "end": "2020-10-13T10:25:02.866Z",
    "duration": 3391,
    "testsRegistered": 1,
    "passPercent": 0,
    "pendingPercent": 0,
    "other": 0,
    "hasOther": false,
    "skipped": 0,
    "hasSkipped": false
  },
  "results": [
    {
      "uuid": "b3809929-8b03-4c28-aa7f-0eb67ddc1b4f",
      "title": "",
      "fullFile": "cypress/tests/contact_us.feature",
      "file": "cypress/tests/contact_us.feature",
      "beforeHooks": [],
      "afterHooks": [],
      "tests": [],
      "suites": [
        {
          "uuid": "dfe8b119-173d-401a-a085-f950a88aca9a",
          "title": "contact us",
          "fullFile": "",
          "file": "",
          "beforeHooks": [],
          "afterHooks": [],
          "tests": [
            {
              "title": "Fill contact us and submit commands version",
              "fullTitle": "contact us Fill contact us and submit commands version",
              "timedOut": null,
              "duration": 1912,
              "state": "failed",
              "speed": null,
              "pass": false,
              "fail": true,
              "pending": false,
              "context": null,
              "code": "const state = window.testState;\nreturn cy\n  .then(() => state.onStartScenario(scenario, indexedSteps))\n  .then(() =>\n    resolveAndRunBeforeHooks.call(this, scenario.tags, state.feature.name)\n  )\n  .then(() =>\n    indexedSteps.forEach(step =>\n      stepTest.call(this, state, step, rowData)\n    )\n  )\n  .then(() =>\n    resolveAndRunAfterHooks.call(this, scenario.tags, state.feature.name)\n  )\n  .then(() => state.onFinishScenario(scenario));",
              "err": {
                "message": "TypeError: Cannot read property 'name' of undefined",
                "estack": "TypeError: Cannot read property 'name' of undefined\n    at Context.<anonymous> (https://aw1.automationintesting.online/__cypress/tests?p=cypress/tests/contact_us.feature-702:34:33)\n    at Context.resolveAndRunStepDefinition (https://aw1.automationintesting.online/__cypress/tests?p=cypress/tests/contact_us.feature-702:10434:9)\n    at Context.<anonymous> (https://aw1.automationintesting.online/__cypress/tests?p=cypress/tests/contact_us.feature-702:9776:35)",
                "diff": null
              },
              "uuid": "f056a382-9a4c-4b83-9343-6a27c72eebbe",
              "parentUUID": "dfe8b119-173d-401a-a085-f950a88aca9a",
              "isHook": false,
              "skipped": false
            }
          ],
          "suites": [],
          "passes": [],
          "failures": [
            "f056a382-9a4c-4b83-9343-6a27c72eebbe"
          ],
          "pending": [],
          "skipped": [],
          "duration": 1912,
          "root": false,
          "rootEmpty": false,
          "_timeout": 2000
        }
      ],
      "passes": [],
      "failures": [],
      "pending": [],
      "skipped": [],
      "duration": 0,
      "root": true,
      "rootEmpty": true,
      "_timeout": 2000
    }
  ],
  "meta": {
    "mocha": {
      "version": "5.2.0"
    },
    "mochawesome": {
      "options": {
        "quiet": false,
        "reportFilename": "mochawesome",
        "saveHtml": false,
        "saveJson": true,
        "consoleReporter": "spec",
        "useInlineDiffs": false
      },
      "version": "4.1.0"
    },
    "marge": {
      "options": {
        "charts": false,
        "html": false,
        "json": true,
        "reportDir": "reports/mochawesome-report",
        "overwrite": false
      },
      "version": "4.1.0"
    }
  }
}