{
  "stats": {
    "suites": 1,
    "tests": 2,
    "passes": 1,
    "pending": 0,
    "failures": 1,
    "start": "2020-10-13T10:20:49.291Z",
    "end": "2020-10-13T10:20:56.020Z",
    "duration": 6729,
    "testsRegistered": 2,
    "passPercent": 50,
    "pendingPercent": 0,
    "other": 0,
    "hasOther": false,
    "skipped": 0,
    "hasSkipped": false
  },
  "results": [
    {
      "uuid": "12c08d28-bc45-4aa2-8218-b4ec5478ab20",
      "title": "",
      "fullFile": "cypress/tests/contact_us.feature",
      "file": "cypress/tests/contact_us.feature",
      "beforeHooks": [],
      "afterHooks": [],
      "tests": [],
      "suites": [
        {
          "uuid": "c8d3f607-dd22-43fe-a7e3-7e8766648216",
          "title": "contact us",
          "fullFile": "",
          "file": "",
          "beforeHooks": [],
          "afterHooks": [],
          "tests": [
            {
              "title": "Fill contact us and submit",
              "fullTitle": "contact us Fill contact us and submit",
              "timedOut": null,
              "duration": 4504,
              "state": "passed",
              "speed": "slow",
              "pass": true,
              "fail": false,
              "pending": false,
              "context": null,
              "code": "const state = window.testState;\nreturn cy\n  .then(() => state.onStartScenario(scenario, indexedSteps))\n  .then(() =>\n    resolveAndRunBeforeHooks.call(this, scenario.tags, state.feature.name)\n  )\n  .then(() =>\n    indexedSteps.forEach(step =>\n      stepTest.call(this, state, step, rowData)\n    )\n  )\n  .then(() =>\n    resolveAndRunAfterHooks.call(this, scenario.tags, state.feature.name)\n  )\n  .then(() => state.onFinishScenario(scenario));",
              "err": {},
              "uuid": "ba8cedeb-82d6-4cf3-b518-da894a6bc707",
              "parentUUID": "c8d3f607-dd22-43fe-a7e3-7e8766648216",
              "isHook": false,
              "skipped": false
            },
            {
              "title": "Fill contact us and submit commands version",
              "fullTitle": "contact us Fill contact us and submit commands version",
              "timedOut": null,
              "duration": 672,
              "state": "failed",
              "speed": null,
              "pass": false,
              "fail": true,
              "pending": false,
              "context": null,
              "code": "const state = window.testState;\nreturn cy\n  .then(() => state.onStartScenario(scenario, indexedSteps))\n  .then(() =>\n    resolveAndRunBeforeHooks.call(this, scenario.tags, state.feature.name)\n  )\n  .then(() =>\n    indexedSteps.forEach(step =>\n      stepTest.call(this, state, step, rowData)\n    )\n  )\n  .then(() =>\n    resolveAndRunAfterHooks.call(this, scenario.tags, state.feature.name)\n  )\n  .then(() => state.onFinishScenario(scenario));",
              "err": {
                "message": "TypeError: Cannot read property '0' of undefined",
                "estack": "TypeError: Cannot read property '0' of undefined\n    at Context.<anonymous> (https://aw1.automationintesting.online/__cypress/tests?p=cypress/tests/contact_us.feature-820:34:33)\n    at Context.resolveAndRunStepDefinition (https://aw1.automationintesting.online/__cypress/tests?p=cypress/tests/contact_us.feature-820:10434:9)\n    at Context.<anonymous> (https://aw1.automationintesting.online/__cypress/tests?p=cypress/tests/contact_us.feature-820:9776:35)",
                "diff": null
              },
              "uuid": "5293067e-bf50-429c-9ff2-76ca7b389754",
              "parentUUID": "c8d3f607-dd22-43fe-a7e3-7e8766648216",
              "isHook": false,
              "skipped": false
            }
          ],
          "suites": [],
          "passes": [
            "ba8cedeb-82d6-4cf3-b518-da894a6bc707"
          ],
          "failures": [
            "5293067e-bf50-429c-9ff2-76ca7b389754"
          ],
          "pending": [],
          "skipped": [],
          "duration": 5176,
          "root": false,
          "rootEmpty": false,
          "_timeout": 2000
        }
      ],
      "passes": [],
      "failures": [],
      "pending": [],
      "skipped": [],
      "duration": 0,
      "root": true,
      "rootEmpty": true,
      "_timeout": 2000
    }
  ],
  "meta": {
    "mocha": {
      "version": "5.2.0"
    },
    "mochawesome": {
      "options": {
        "quiet": false,
        "reportFilename": "mochawesome",
        "saveHtml": false,
        "saveJson": true,
        "consoleReporter": "spec",
        "useInlineDiffs": false
      },
      "version": "4.1.0"
    },
    "marge": {
      "options": {
        "charts": false,
        "html": false,
        "json": true,
        "reportDir": "reports/mochawesome-report",
        "overwrite": false
      },
      "version": "4.1.0"
    }
  }
}