{
  "stats": {
    "suites": 1,
    "tests": 1,
    "passes": 0,
    "pending": 0,
    "failures": 1,
    "start": "2020-10-13T10:05:59.600Z",
    "end": "2020-10-13T10:06:04.013Z",
    "duration": 4413,
    "testsRegistered": 1,
    "passPercent": 0,
    "pendingPercent": 0,
    "other": 0,
    "hasOther": false,
    "skipped": 0,
    "hasSkipped": false
  },
  "results": [
    {
      "uuid": "4a5f9601-87b5-469b-b2b9-6a7b43963c83",
      "title": "",
      "fullFile": "cypress/tests/contact_us.feature",
      "file": "cypress/tests/contact_us.feature",
      "beforeHooks": [],
      "afterHooks": [],
      "tests": [],
      "suites": [
        {
          "uuid": "6cfecf17-f67f-400e-a4fe-20c3d5be397a",
          "title": "contact us",
          "fullFile": "",
          "file": "",
          "beforeHooks": [],
          "afterHooks": [],
          "tests": [
            {
              "title": "Fill contact us and submit",
              "fullTitle": "contact us Fill contact us and submit",
              "timedOut": null,
              "duration": 4371,
              "state": "failed",
              "speed": null,
              "pass": false,
              "fail": true,
              "pending": false,
              "context": null,
              "code": "const state = window.testState;\nreturn cy\n  .then(() => state.onStartScenario(scenario, indexedSteps))\n  .then(() =>\n    resolveAndRunBeforeHooks.call(this, scenario.tags, state.feature.name)\n  )\n  .then(() =>\n    indexedSteps.forEach(step =>\n      stepTest.call(this, state, step, rowData)\n    )\n  )\n  .then(() =>\n    resolveAndRunAfterHooks.call(this, scenario.tags, state.feature.name)\n  )\n  .then(() => state.onFinishScenario(scenario));",
              "err": {
                "message": "AssertionError: Timed out retrying: expected 'about:blank' to equal 'https://aw1.automationintesting.online/#/'",
                "estack": "AssertionError: Timed out retrying: expected 'about:blank' to equal 'https://aw1.automationintesting.online/#/'\n    at applyChainer (https://sports.gstp.uat.skybet.net/__cypress/runner/cypress_runner.js:131707:32)\n    at https://sports.gstp.uat.skybet.net/__cypress/runner/cypress_runner.js:131748:16\n    at arrayReduce (https://sports.gstp.uat.skybet.net/__cypress/runner/cypress_runner.js:18403:21)\n    at Function.reduce (https://sports.gstp.uat.skybet.net/__cypress/runner/cypress_runner.js:27401:14)\n    at applyChainers (https://sports.gstp.uat.skybet.net/__cypress/runner/cypress_runner.js:131738:18)\n    at tryCatcher (https://sports.gstp.uat.skybet.net/__cypress/runner/cypress_runner.js:9059:23)\n    at Function.Promise.attempt.Promise.try (https://sports.gstp.uat.skybet.net/__cypress/runner/cypress_runner.js:6333:29)\n    at Context.shouldFn (https://sports.gstp.uat.skybet.net/__cypress/runner/cypress_runner.js:131752:23)\n    at Context.should (https://sports.gstp.uat.skybet.net/__cypress/runner/cypress_runner.js:131767:23)\n    at https://sports.gstp.uat.skybet.net/__cypress/runner/cypress_runner.js:127819:39\n    at assertions (https://sports.gstp.uat.skybet.net/__cypress/runner/cypress_runner.js:128079:14)\n    at tryCatcher (https://sports.gstp.uat.skybet.net/__cypress/runner/cypress_runner.js:9059:23)\n    at Object.gotValue (https://sports.gstp.uat.skybet.net/__cypress/runner/cypress_runner.js:8203:18)\n    at Object.gotAccum (https://sports.gstp.uat.skybet.net/__cypress/runner/cypress_runner.js:8190:25)\n    at Object.tryCatcher (https://sports.gstp.uat.skybet.net/__cypress/runner/cypress_runner.js:9059:23)\n    at Promise._settlePromiseFromHandler (https://sports.gstp.uat.skybet.net/__cypress/runner/cypress_runner.js:6994:31)",
                "diff": "- 'about:blank'\n+ 'https://aw1.automationintesting.online/#/'\n"
              },
              "uuid": "6b05244d-a612-4c0e-8fc4-1ff3a53b886c",
              "parentUUID": "6cfecf17-f67f-400e-a4fe-20c3d5be397a",
              "isHook": false,
              "skipped": false
            }
          ],
          "suites": [],
          "passes": [],
          "failures": [
            "6b05244d-a612-4c0e-8fc4-1ff3a53b886c"
          ],
          "pending": [],
          "skipped": [],
          "duration": 4371,
          "root": false,
          "rootEmpty": false,
          "_timeout": 2000
        }
      ],
      "passes": [],
      "failures": [],
      "pending": [],
      "skipped": [],
      "duration": 0,
      "root": true,
      "rootEmpty": true,
      "_timeout": 2000
    }
  ],
  "meta": {
    "mocha": {
      "version": "5.2.0"
    },
    "mochawesome": {
      "options": {
        "quiet": false,
        "reportFilename": "mochawesome",
        "saveHtml": false,
        "saveJson": true,
        "consoleReporter": "spec",
        "useInlineDiffs": false
      },
      "version": "4.1.0"
    },
    "marge": {
      "options": {
        "charts": false,
        "html": false,
        "json": true,
        "reportDir": "reports/mochawesome-report",
        "overwrite": false
      },
      "version": "4.1.0"
    }
  }
}