{
  "stats": {
    "suites": 1,
    "tests": 1,
    "passes": 0,
    "pending": 0,
    "failures": 1,
    "start": "2020-10-13T10:25:36.018Z",
    "end": "2020-10-13T10:25:39.484Z",
    "duration": 3466,
    "testsRegistered": 1,
    "passPercent": 0,
    "pendingPercent": 0,
    "other": 0,
    "hasOther": false,
    "skipped": 0,
    "hasSkipped": false
  },
  "results": [
    {
      "uuid": "83276dd1-8abf-4673-a6bc-54b1ceabc7df",
      "title": "",
      "fullFile": "cypress/tests/contact_us.feature",
      "file": "cypress/tests/contact_us.feature",
      "beforeHooks": [],
      "afterHooks": [],
      "tests": [],
      "suites": [
        {
          "uuid": "31ff711e-fe60-4344-81c4-0d031fee470f",
          "title": "contact us",
          "fullFile": "",
          "file": "",
          "beforeHooks": [],
          "afterHooks": [],
          "tests": [
            {
              "title": "Fill contact us and submit commands version",
              "fullTitle": "contact us Fill contact us and submit commands version",
              "timedOut": null,
              "duration": 1960,
              "state": "failed",
              "speed": null,
              "pass": false,
              "fail": true,
              "pending": false,
              "context": null,
              "code": "const state = window.testState;\nreturn cy\n  .then(() => state.onStartScenario(scenario, indexedSteps))\n  .then(() =>\n    resolveAndRunBeforeHooks.call(this, scenario.tags, state.feature.name)\n  )\n  .then(() =>\n    indexedSteps.forEach(step =>\n      stepTest.call(this, state, step, rowData)\n    )\n  )\n  .then(() =>\n    resolveAndRunAfterHooks.call(this, scenario.tags, state.feature.name)\n  )\n  .then(() => state.onFinishScenario(scenario));",
              "err": {
                "message": "ReferenceError: number is not defined",
                "estack": "ReferenceError: number is not defined\n    at Context.<anonymous> (https://aw1.automationintesting.online/__cypress/tests?p=cypress/support/index.js-907:32:25)",
                "diff": null
              },
              "uuid": "82d052b8-a4c4-4f84-9ba5-aae805616163",
              "parentUUID": "31ff711e-fe60-4344-81c4-0d031fee470f",
              "isHook": false,
              "skipped": false
            }
          ],
          "suites": [],
          "passes": [],
          "failures": [
            "82d052b8-a4c4-4f84-9ba5-aae805616163"
          ],
          "pending": [],
          "skipped": [],
          "duration": 1960,
          "root": false,
          "rootEmpty": false,
          "_timeout": 2000
        }
      ],
      "passes": [],
      "failures": [],
      "pending": [],
      "skipped": [],
      "duration": 0,
      "root": true,
      "rootEmpty": true,
      "_timeout": 2000
    }
  ],
  "meta": {
    "mocha": {
      "version": "5.2.0"
    },
    "mochawesome": {
      "options": {
        "quiet": false,
        "reportFilename": "mochawesome",
        "saveHtml": false,
        "saveJson": true,
        "consoleReporter": "spec",
        "useInlineDiffs": false
      },
      "version": "4.1.0"
    },
    "marge": {
      "options": {
        "charts": false,
        "html": false,
        "json": true,
        "reportDir": "reports/mochawesome-report",
        "overwrite": false
      },
      "version": "4.1.0"
    }
  }
}