{
  "stats": {
    "suites": 1,
    "tests": 1,
    "passes": 0,
    "pending": 0,
    "failures": 1,
    "start": "2020-10-13T10:28:58.102Z",
    "end": "2020-10-13T10:29:01.497Z",
    "duration": 3395,
    "testsRegistered": 1,
    "passPercent": 0,
    "pendingPercent": 0,
    "other": 0,
    "hasOther": false,
    "skipped": 0,
    "hasSkipped": false
  },
  "results": [
    {
      "uuid": "31c82fb6-4523-4d05-b9d2-1ea42c0a179c",
      "title": "",
      "fullFile": "cypress/tests/contact_us.feature",
      "file": "cypress/tests/contact_us.feature",
      "beforeHooks": [],
      "afterHooks": [],
      "tests": [],
      "suites": [
        {
          "uuid": "2aba2a38-6c42-499d-9780-ca49462dbe92",
          "title": "contact us",
          "fullFile": "",
          "file": "",
          "beforeHooks": [],
          "afterHooks": [],
          "tests": [
            {
              "title": "Fill contact us and submit commands version",
              "fullTitle": "contact us Fill contact us and submit commands version",
              "timedOut": null,
              "duration": 1962,
              "state": "failed",
              "speed": null,
              "pass": false,
              "fail": true,
              "pending": false,
              "context": null,
              "code": "const state = window.testState;\nreturn cy\n  .then(() => state.onStartScenario(scenario, indexedSteps))\n  .then(() =>\n    resolveAndRunBeforeHooks.call(this, scenario.tags, state.feature.name)\n  )\n  .then(() =>\n    indexedSteps.forEach(step =>\n      stepTest.call(this, state, step, rowData)\n    )\n  )\n  .then(() =>\n    resolveAndRunAfterHooks.call(this, scenario.tags, state.feature.name)\n  )\n  .then(() => state.onFinishScenario(scenario));",
              "err": {
                "message": "CypressError: `cy.type()` can only accept a string or number. You passed in: `undefined`\n\nhttps://on.cypress.io/type",
                "estack": "CypressError: `cy.type()` can only accept a string or number. You passed in: `undefined`\n\nhttps://on.cypress.io/type\n    at cypressErr (https://aw1.automationintesting.online/__cypress/runner/cypress_runner.js:146180:16)\n    at cypressErrByPath (https://aw1.automationintesting.online/__cypress/runner/cypress_runner.js:146189:10)\n    at Object.throwErrByPath (https://aw1.automationintesting.online/__cypress/runner/cypress_runner.js:146152:11)\n    at Context.type (https://aw1.automationintesting.online/__cypress/runner/cypress_runner.js:130761:17)\n    at Context.<anonymous> (https://aw1.automationintesting.online/__cypress/runner/cypress_runner.js:144515:21)\n    at https://aw1.automationintesting.online/__cypress/runner/cypress_runner.js:143990:33\n    at tryCatcher (https://aw1.automationintesting.online/__cypress/runner/cypress_runner.js:9059:23)\n    at Promise._settlePromiseFromHandler (https://aw1.automationintesting.online/__cypress/runner/cypress_runner.js:6994:31)\n    at Promise._settlePromise (https://aw1.automationintesting.online/__cypress/runner/cypress_runner.js:7051:18)\n    at Promise._settlePromiseCtx (https://aw1.automationintesting.online/__cypress/runner/cypress_runner.js:7088:10)\n    at _drainQueueStep (https://aw1.automationintesting.online/__cypress/runner/cypress_runner.js:3770:12)\n    at _drainQueue (https://aw1.automationintesting.online/__cypress/runner/cypress_runner.js:3759:9)\n    at Async.../../node_modules/bluebird/js/release/async.js.Async._drainQueues (https://aw1.automationintesting.online/__cypress/runner/cypress_runner.js:3775:5)\n    at Async.drainQueues (https://aw1.automationintesting.online/__cypress/runner/cypress_runner.js:3645:14)",
                "diff": null
              },
              "uuid": "ca78b8a7-312e-4a46-bf53-e6940c88aef5",
              "parentUUID": "2aba2a38-6c42-499d-9780-ca49462dbe92",
              "isHook": false,
              "skipped": false
            }
          ],
          "suites": [],
          "passes": [],
          "failures": [
            "ca78b8a7-312e-4a46-bf53-e6940c88aef5"
          ],
          "pending": [],
          "skipped": [],
          "duration": 1962,
          "root": false,
          "rootEmpty": false,
          "_timeout": 2000
        }
      ],
      "passes": [],
      "failures": [],
      "pending": [],
      "skipped": [],
      "duration": 0,
      "root": true,
      "rootEmpty": true,
      "_timeout": 2000
    }
  ],
  "meta": {
    "mocha": {
      "version": "5.2.0"
    },
    "mochawesome": {
      "options": {
        "quiet": false,
        "reportFilename": "mochawesome",
        "saveHtml": false,
        "saveJson": true,
        "consoleReporter": "spec",
        "useInlineDiffs": false
      },
      "version": "4.1.0"
    },
    "marge": {
      "options": {
        "charts": false,
        "html": false,
        "json": true,
        "reportDir": "reports/mochawesome-report",
        "overwrite": false
      },
      "version": "4.1.0"
    }
  }
}